
=== Mon Oct 20 15:54:54 2025

Packages were changed.
Update Mode: updateDependencies

The following packages were updated:
  com.unity.textmeshpro from version 3.0.6 to 3.0.7

=== Mon Oct 20 16:16:55 2025

Packages were changed.
Update Mode: updateDependencies

The following packages were updated:
  com.unity.collab-proxy from version 1.2.16 to 2.5.1
  com.unity.ide.rider from version 1.1.4 to 3.0.31
  com.unity.ide.vscode from version 1.1.4 to 1.2.5
  com.unity.test-framework from version 1.1.11 to 1.1.33
  com.unity.textmeshpro from version 2.0.1 to 3.0.7
  com.unity.timeline from version 1.2.13 to 1.7.6

=== Mon Oct 20 16:16:55 2025

Packages were changed.
Update Mode: mergeDefaultDependencies

The following packages were added:
  com.unity.ide.rider@3.0.31
  com.unity.ide.vscode@1.2.5
  com.unity.test-framework@1.1.33

=== Mon Oct 20 16:23:01 2025

Packages were changed.
Update Mode: updateDependencies

The following packages were updated:
  com.unity.collab-proxy from version 1.2.16 to 2.5.1
  com.unity.ide.rider from version 1.1.4 to 3.0.31
  com.unity.ide.vscode from version 1.1.4 to 1.2.5
  com.unity.test-framework from version 1.1.11 to 1.1.33
  com.unity.textmeshpro from version 2.0.1 to 3.0.7
  com.unity.timeline from version 1.2.13 to 1.7.6
